c:\users\desktop\documents\github\tues_graduation_game\tues graduation game\tues graduation game\debug\vc140.pdb
c:\users\desktop\documents\github\tues_graduation_game\tues graduation game\tues graduation game\debug\vc140.idb
c:\users\desktop\documents\github\tues_graduation_game\tues graduation game\tues graduation game\debug\ammo.obj
c:\users\desktop\documents\github\tues_graduation_game\tues graduation game\tues graduation game\debug\enemyammogen.obj
c:\users\desktop\documents\github\tues_graduation_game\tues graduation game\tues graduation game\debug\gameengine.obj
c:\users\desktop\documents\github\tues_graduation_game\tues graduation game\tues graduation game\debug\gameobject.obj
c:\users\desktop\documents\github\tues_graduation_game\tues graduation game\tues graduation game\debug\background.obj
c:\users\desktop\documents\github\tues_graduation_game\tues graduation game\tues graduation game\debug\basicenemy.obj
c:\users\desktop\documents\github\tues_graduation_game\tues graduation game\tues graduation game\debug\generator.obj
c:\users\desktop\documents\github\tues_graduation_game\tues graduation game\tues graduation game\debug\basicenemygen.obj
c:\users\desktop\documents\github\tues_graduation_game\tues graduation game\tues graduation game\debug\enemyammo.obj
c:\users\desktop\documents\github\tues_graduation_game\tues graduation game\tues graduation game\debug\tougherenemygen.obj
c:\users\desktop\documents\github\tues_graduation_game\tues graduation game\tues graduation game\debug\tougherenemy.obj
c:\users\desktop\documents\github\tues_graduation_game\tues graduation game\tues graduation game\debug\months.obj
c:\users\desktop\documents\github\tues_graduation_game\tues graduation game\tues graduation game\debug\turret.obj
c:\users\desktop\documents\github\tues_graduation_game\tues graduation game\tues graduation game\debug\textclass.obj
c:\users\desktop\documents\github\tues_graduation_game\tues graduation game\tues graduation game\debug\stellashead.obj
c:\users\desktop\documents\github\tues_graduation_game\tues graduation game\tues graduation game\debug\mitovshead.obj
c:\users\desktop\documents\github\tues_graduation_game\tues graduation game\tues graduation game\debug\window.obj
c:\users\desktop\documents\github\tues_graduation_game\tues graduation game\debug\tues graduation game.ilk
c:\users\desktop\documents\github\tues_graduation_game\tues graduation game\debug\tues graduation game.exe
c:\users\desktop\documents\github\tues_graduation_game\tues graduation game\debug\tues graduation game.pdb
c:\users\desktop\documents\github\tues_graduation_game\tues graduation game\tues graduation game\debug\tues gra.33186954.tlog\cl.command.1.tlog
c:\users\desktop\documents\github\tues_graduation_game\tues graduation game\tues graduation game\debug\tues gra.33186954.tlog\cl.read.1.tlog
c:\users\desktop\documents\github\tues_graduation_game\tues graduation game\tues graduation game\debug\tues gra.33186954.tlog\cl.write.1.tlog
c:\users\desktop\documents\github\tues_graduation_game\tues graduation game\tues graduation game\debug\tues gra.33186954.tlog\link.command.1.tlog
c:\users\desktop\documents\github\tues_graduation_game\tues graduation game\tues graduation game\debug\tues gra.33186954.tlog\link.read.1.tlog
c:\users\desktop\documents\github\tues_graduation_game\tues graduation game\tues graduation game\debug\tues gra.33186954.tlog\link.write.1.tlog
