c:\users\cecoi\downloads\tues_graduation_game-master\tues_graduation_game-master\tues_graduation_game\tues graduation game\tues graduation game\debug\vc141.pdb
c:\users\cecoi\downloads\tues_graduation_game-master\tues_graduation_game-master\tues_graduation_game\tues graduation game\tues graduation game\debug\vc141.idb
c:\users\cecoi\downloads\tues_graduation_game-master\tues_graduation_game-master\tues_graduation_game\tues graduation game\tues graduation game\debug\gameobject.obj
c:\users\cecoi\downloads\tues_graduation_game-master\tues_graduation_game-master\tues_graduation_game\tues graduation game\tues graduation game\debug\background.obj
c:\users\cecoi\downloads\tues_graduation_game-master\tues_graduation_game-master\tues_graduation_game\tues graduation game\tues graduation game\debug\basicenemy.obj
c:\users\cecoi\downloads\tues_graduation_game-master\tues_graduation_game-master\tues_graduation_game\tues graduation game\tues graduation game\debug\generator.obj
c:\users\cecoi\downloads\tues_graduation_game-master\tues_graduation_game-master\tues_graduation_game\tues graduation game\tues graduation game\debug\basicenemygen.obj
c:\users\cecoi\downloads\tues_graduation_game-master\tues_graduation_game-master\tues_graduation_game\tues graduation game\tues graduation game\debug\enemyammo.obj
c:\users\cecoi\downloads\tues_graduation_game-master\tues_graduation_game-master\tues_graduation_game\tues graduation game\tues graduation game\debug\explosion.obj
c:\users\cecoi\downloads\tues_graduation_game-master\tues_graduation_game-master\tues_graduation_game\tues graduation game\tues graduation game\debug\animation.obj
c:\users\cecoi\downloads\tues_graduation_game-master\tues_graduation_game-master\tues_graduation_game\tues graduation game\tues graduation game\debug\mitovsammo.obj
c:\users\cecoi\downloads\tues_graduation_game-master\tues_graduation_game-master\tues_graduation_game\tues graduation game\tues graduation game\debug\mitovsammogen.obj
c:\users\cecoi\downloads\tues_graduation_game-master\tues_graduation_game-master\tues_graduation_game\tues graduation game\tues graduation game\debug\mitovshead.obj
c:\users\cecoi\downloads\tues_graduation_game-master\tues_graduation_game-master\tues_graduation_game\tues graduation game\tues graduation game\debug\months.obj
c:\users\cecoi\downloads\tues_graduation_game-master\tues_graduation_game-master\tues_graduation_game\tues graduation game\tues graduation game\debug\gameendingscreen.obj
c:\users\cecoi\downloads\tues_graduation_game-master\tues_graduation_game-master\tues_graduation_game\tues graduation game\tues graduation game\debug\mitovgenerator.obj
c:\users\cecoi\downloads\tues_graduation_game-master\tues_graduation_game-master\tues_graduation_game\tues graduation game\tues graduation game\debug\tougherenemy.obj
c:\users\cecoi\downloads\tues_graduation_game-master\tues_graduation_game-master\tues_graduation_game\tues graduation game\tues graduation game\debug\tougherenemyammo.obj
c:\users\cecoi\downloads\tues_graduation_game-master\tues_graduation_game-master\tues_graduation_game\tues graduation game\tues graduation game\debug\tougherenemyammogen.obj
c:\users\cecoi\downloads\tues_graduation_game-master\tues_graduation_game-master\tues_graduation_game\tues graduation game\tues graduation game\debug\tougherenemygen.obj
c:\users\cecoi\downloads\tues_graduation_game-master\tues_graduation_game-master\tues_graduation_game\tues graduation game\tues graduation game\debug\turret.obj
c:\users\cecoi\downloads\tues_graduation_game-master\tues_graduation_game-master\tues_graduation_game\tues graduation game\tues graduation game\debug\textclass.obj
c:\users\cecoi\downloads\tues_graduation_game-master\tues_graduation_game-master\tues_graduation_game\tues graduation game\tues graduation game\debug\ammo.obj
c:\users\cecoi\downloads\tues_graduation_game-master\tues_graduation_game-master\tues_graduation_game\tues graduation game\tues graduation game\debug\enemyammogen.obj
c:\users\cecoi\downloads\tues_graduation_game-master\tues_graduation_game-master\tues_graduation_game\tues graduation game\tues graduation game\debug\gameengine.obj
c:\users\cecoi\downloads\tues_graduation_game-master\tues_graduation_game-master\tues_graduation_game\tues graduation game\debug\tues graduation game.ilk
c:\users\cecoi\downloads\tues_graduation_game-master\tues_graduation_game-master\tues_graduation_game\tues graduation game\debug\tues graduation game.exe
c:\users\cecoi\downloads\tues_graduation_game-master\tues_graduation_game-master\tues_graduation_game\tues graduation game\debug\tues graduation game.pdb
c:\users\cecoi\downloads\tues_graduation_game-master\tues_graduation_game-master\tues_graduation_game\tues graduation game\tues graduation game\debug\tues gra.33186954.tlog\cl.command.1.tlog
c:\users\cecoi\downloads\tues_graduation_game-master\tues_graduation_game-master\tues_graduation_game\tues graduation game\tues graduation game\debug\tues gra.33186954.tlog\cl.read.1.tlog
c:\users\cecoi\downloads\tues_graduation_game-master\tues_graduation_game-master\tues_graduation_game\tues graduation game\tues graduation game\debug\tues gra.33186954.tlog\cl.write.1.tlog
c:\users\cecoi\downloads\tues_graduation_game-master\tues_graduation_game-master\tues_graduation_game\tues graduation game\tues graduation game\debug\tues gra.33186954.tlog\link.command.1.tlog
c:\users\cecoi\downloads\tues_graduation_game-master\tues_graduation_game-master\tues_graduation_game\tues graduation game\tues graduation game\debug\tues gra.33186954.tlog\link.read.1.tlog
c:\users\cecoi\downloads\tues_graduation_game-master\tues_graduation_game-master\tues_graduation_game\tues graduation game\tues graduation game\debug\tues gra.33186954.tlog\link.write.1.tlog
