c:\users\cecoi\downloads\tues_graduation_game-master\tues_graduation_game-master\tues_graduation_game\tues graduation game\tues graduation game\x64\debug\vc141.pdb
c:\users\cecoi\downloads\tues_graduation_game-master\tues_graduation_game-master\tues_graduation_game\tues graduation game\tues graduation game\x64\debug\vc141.idb
c:\users\cecoi\downloads\tues_graduation_game-master\tues_graduation_game-master\tues_graduation_game\tues graduation game\tues graduation game\x64\debug\gameobject.obj
c:\users\cecoi\downloads\tues_graduation_game-master\tues_graduation_game-master\tues_graduation_game\tues graduation game\tues graduation game\x64\debug\background.obj
c:\users\cecoi\downloads\tues_graduation_game-master\tues_graduation_game-master\tues_graduation_game\tues graduation game\tues graduation game\x64\debug\basicenemy.obj
c:\users\cecoi\downloads\tues_graduation_game-master\tues_graduation_game-master\tues_graduation_game\tues graduation game\tues graduation game\x64\debug\generator.obj
c:\users\cecoi\downloads\tues_graduation_game-master\tues_graduation_game-master\tues_graduation_game\tues graduation game\tues graduation game\x64\debug\basicenemygen.obj
c:\users\cecoi\downloads\tues_graduation_game-master\tues_graduation_game-master\tues_graduation_game\tues graduation game\tues graduation game\x64\debug\enemyammo.obj
c:\users\cecoi\downloads\tues_graduation_game-master\tues_graduation_game-master\tues_graduation_game\tues graduation game\tues graduation game\x64\debug\explosion.obj
c:\users\cecoi\downloads\tues_graduation_game-master\tues_graduation_game-master\tues_graduation_game\tues graduation game\tues graduation game\x64\debug\animation.obj
c:\users\cecoi\downloads\tues_graduation_game-master\tues_graduation_game-master\tues_graduation_game\tues graduation game\tues graduation game\x64\debug\mitovsammo.obj
c:\users\cecoi\downloads\tues_graduation_game-master\tues_graduation_game-master\tues_graduation_game\tues graduation game\tues graduation game\x64\debug\mitovsammogen.obj
c:\users\cecoi\downloads\tues_graduation_game-master\tues_graduation_game-master\tues_graduation_game\tues graduation game\tues graduation game\x64\debug\mitovshead.obj
c:\users\cecoi\downloads\tues_graduation_game-master\tues_graduation_game-master\tues_graduation_game\tues graduation game\tues graduation game\x64\debug\months.obj
c:\users\cecoi\downloads\tues_graduation_game-master\tues_graduation_game-master\tues_graduation_game\tues graduation game\tues graduation game\x64\debug\gameendingscreen.obj
c:\users\cecoi\downloads\tues_graduation_game-master\tues_graduation_game-master\tues_graduation_game\tues graduation game\tues graduation game\x64\debug\mitovgenerator.obj
c:\users\cecoi\downloads\tues_graduation_game-master\tues_graduation_game-master\tues_graduation_game\tues graduation game\tues graduation game\x64\debug\tougherenemy.obj
c:\users\cecoi\downloads\tues_graduation_game-master\tues_graduation_game-master\tues_graduation_game\tues graduation game\tues graduation game\x64\debug\tougherenemyammo.obj
c:\users\cecoi\downloads\tues_graduation_game-master\tues_graduation_game-master\tues_graduation_game\tues graduation game\tues graduation game\x64\debug\tougherenemyammogen.obj
c:\users\cecoi\downloads\tues_graduation_game-master\tues_graduation_game-master\tues_graduation_game\tues graduation game\tues graduation game\x64\debug\tougherenemygen.obj
c:\users\cecoi\downloads\tues_graduation_game-master\tues_graduation_game-master\tues_graduation_game\tues graduation game\tues graduation game\x64\debug\turret.obj
c:\users\cecoi\downloads\tues_graduation_game-master\tues_graduation_game-master\tues_graduation_game\tues graduation game\tues graduation game\x64\debug\textclass.obj
c:\users\cecoi\downloads\tues_graduation_game-master\tues_graduation_game-master\tues_graduation_game\tues graduation game\tues graduation game\x64\debug\ammo.obj
c:\users\cecoi\downloads\tues_graduation_game-master\tues_graduation_game-master\tues_graduation_game\tues graduation game\tues graduation game\x64\debug\enemyammogen.obj
c:\users\cecoi\downloads\tues_graduation_game-master\tues_graduation_game-master\tues_graduation_game\tues graduation game\tues graduation game\x64\debug\gameengine.obj
c:\users\cecoi\downloads\tues_graduation_game-master\tues_graduation_game-master\tues_graduation_game\tues graduation game\x64\debug\tues graduation game.pdb
c:\users\cecoi\downloads\tues_graduation_game-master\tues_graduation_game-master\tues_graduation_game\tues graduation game\tues graduation game\x64\debug\tues gra.33186954.tlog\cl.command.1.tlog
c:\users\cecoi\downloads\tues_graduation_game-master\tues_graduation_game-master\tues_graduation_game\tues graduation game\tues graduation game\x64\debug\tues gra.33186954.tlog\cl.read.1.tlog
c:\users\cecoi\downloads\tues_graduation_game-master\tues_graduation_game-master\tues_graduation_game\tues graduation game\tues graduation game\x64\debug\tues gra.33186954.tlog\cl.write.1.tlog
c:\users\cecoi\downloads\tues_graduation_game-master\tues_graduation_game-master\tues_graduation_game\tues graduation game\tues graduation game\x64\debug\tues gra.33186954.tlog\link-cvtres.read.1.tlog
c:\users\cecoi\downloads\tues_graduation_game-master\tues_graduation_game-master\tues_graduation_game\tues graduation game\tues graduation game\x64\debug\tues gra.33186954.tlog\link-cvtres.write.1.tlog
c:\users\cecoi\downloads\tues_graduation_game-master\tues_graduation_game-master\tues_graduation_game\tues graduation game\tues graduation game\x64\debug\tues gra.33186954.tlog\link-rc.read.1.tlog
c:\users\cecoi\downloads\tues_graduation_game-master\tues_graduation_game-master\tues_graduation_game\tues graduation game\tues graduation game\x64\debug\tues gra.33186954.tlog\link-rc.write.1.tlog
c:\users\cecoi\downloads\tues_graduation_game-master\tues_graduation_game-master\tues_graduation_game\tues graduation game\tues graduation game\x64\debug\tues gra.33186954.tlog\link.command.1.tlog
c:\users\cecoi\downloads\tues_graduation_game-master\tues_graduation_game-master\tues_graduation_game\tues graduation game\tues graduation game\x64\debug\tues gra.33186954.tlog\link.read.1.tlog
c:\users\cecoi\downloads\tues_graduation_game-master\tues_graduation_game-master\tues_graduation_game\tues graduation game\tues graduation game\x64\debug\tues gra.33186954.tlog\link.write.1.tlog
