c:\users\cecoi\downloads\tues_graduation_game-master\tues_graduation_game-master\tues_graduation_game\tues graduation game\tues graduation game\x64\release\vc141.pdb
c:\users\cecoi\downloads\tues_graduation_game-master\tues_graduation_game-master\tues_graduation_game\tues graduation game\tues graduation game\x64\release\tougherenemyammogen.obj
c:\users\cecoi\downloads\tues_graduation_game-master\tues_graduation_game-master\tues_graduation_game\tues graduation game\tues graduation game\x64\release\tougherenemyammo.obj
c:\users\cecoi\downloads\tues_graduation_game-master\tues_graduation_game-master\tues_graduation_game\tues graduation game\tues graduation game\x64\release\tougherenemy.obj
c:\users\cecoi\downloads\tues_graduation_game-master\tues_graduation_game-master\tues_graduation_game\tues graduation game\tues graduation game\x64\release\mitovgenerator.obj
c:\users\cecoi\downloads\tues_graduation_game-master\tues_graduation_game-master\tues_graduation_game\tues graduation game\tues graduation game\x64\release\gameendingscreen.obj
c:\users\cecoi\downloads\tues_graduation_game-master\tues_graduation_game-master\tues_graduation_game\tues graduation game\tues graduation game\x64\release\months.obj
c:\users\cecoi\downloads\tues_graduation_game-master\tues_graduation_game-master\tues_graduation_game\tues graduation game\tues graduation game\x64\release\mitovshead.obj
c:\users\cecoi\downloads\tues_graduation_game-master\tues_graduation_game-master\tues_graduation_game\tues graduation game\tues graduation game\x64\release\mitovsammogen.obj
c:\users\cecoi\downloads\tues_graduation_game-master\tues_graduation_game-master\tues_graduation_game\tues graduation game\tues graduation game\x64\release\mitovsammo.obj
c:\users\cecoi\downloads\tues_graduation_game-master\tues_graduation_game-master\tues_graduation_game\tues graduation game\tues graduation game\x64\release\animation.obj
c:\users\cecoi\downloads\tues_graduation_game-master\tues_graduation_game-master\tues_graduation_game\tues graduation game\tues graduation game\x64\release\explosion.obj
c:\users\cecoi\downloads\tues_graduation_game-master\tues_graduation_game-master\tues_graduation_game\tues graduation game\tues graduation game\x64\release\enemyammo.obj
c:\users\cecoi\downloads\tues_graduation_game-master\tues_graduation_game-master\tues_graduation_game\tues graduation game\tues graduation game\x64\release\basicenemygen.obj
c:\users\cecoi\downloads\tues_graduation_game-master\tues_graduation_game-master\tues_graduation_game\tues graduation game\tues graduation game\x64\release\generator.obj
c:\users\cecoi\downloads\tues_graduation_game-master\tues_graduation_game-master\tues_graduation_game\tues graduation game\tues graduation game\x64\release\basicenemy.obj
c:\users\cecoi\downloads\tues_graduation_game-master\tues_graduation_game-master\tues_graduation_game\tues graduation game\tues graduation game\x64\release\background.obj
c:\users\cecoi\downloads\tues_graduation_game-master\tues_graduation_game-master\tues_graduation_game\tues graduation game\tues graduation game\x64\release\gameobject.obj
c:\users\cecoi\downloads\tues_graduation_game-master\tues_graduation_game-master\tues_graduation_game\tues graduation game\tues graduation game\x64\release\gameengine.obj
c:\users\cecoi\downloads\tues_graduation_game-master\tues_graduation_game-master\tues_graduation_game\tues graduation game\tues graduation game\x64\release\enemyammogen.obj
c:\users\cecoi\downloads\tues_graduation_game-master\tues_graduation_game-master\tues_graduation_game\tues graduation game\tues graduation game\x64\release\ammo.obj
c:\users\cecoi\downloads\tues_graduation_game-master\tues_graduation_game-master\tues_graduation_game\tues graduation game\tues graduation game\x64\release\textclass.obj
c:\users\cecoi\downloads\tues_graduation_game-master\tues_graduation_game-master\tues_graduation_game\tues graduation game\tues graduation game\x64\release\turret.obj
c:\users\cecoi\downloads\tues_graduation_game-master\tues_graduation_game-master\tues_graduation_game\tues graduation game\tues graduation game\x64\release\tougherenemygen.obj
c:\users\cecoi\downloads\tues_graduation_game-master\tues_graduation_game-master\tues_graduation_game\tues graduation game\x64\release\tues graduation game.exe
c:\users\cecoi\downloads\tues_graduation_game-master\tues_graduation_game-master\tues_graduation_game\tues graduation game\x64\release\tues graduation game.pdb
c:\users\cecoi\downloads\tues_graduation_game-master\tues_graduation_game-master\tues_graduation_game\tues graduation game\x64\release\tues graduation game.ipdb
c:\users\cecoi\downloads\tues_graduation_game-master\tues_graduation_game-master\tues_graduation_game\tues graduation game\x64\release\tues graduation game.iobj
c:\users\cecoi\downloads\tues_graduation_game-master\tues_graduation_game-master\tues_graduation_game\tues graduation game\tues graduation game\x64\release\tues gra.33186954.tlog\cl.command.1.tlog
c:\users\cecoi\downloads\tues_graduation_game-master\tues_graduation_game-master\tues_graduation_game\tues graduation game\tues graduation game\x64\release\tues gra.33186954.tlog\cl.read.1.tlog
c:\users\cecoi\downloads\tues_graduation_game-master\tues_graduation_game-master\tues_graduation_game\tues graduation game\tues graduation game\x64\release\tues gra.33186954.tlog\cl.write.1.tlog
c:\users\cecoi\downloads\tues_graduation_game-master\tues_graduation_game-master\tues_graduation_game\tues graduation game\tues graduation game\x64\release\tues gra.33186954.tlog\link.command.1.tlog
c:\users\cecoi\downloads\tues_graduation_game-master\tues_graduation_game-master\tues_graduation_game\tues graduation game\tues graduation game\x64\release\tues gra.33186954.tlog\link.read.1.tlog
c:\users\cecoi\downloads\tues_graduation_game-master\tues_graduation_game-master\tues_graduation_game\tues graduation game\tues graduation game\x64\release\tues gra.33186954.tlog\link.write.1.tlog
c:\users\cecoi\downloads\tues_graduation_game-master\tues_graduation_game-master\tues_graduation_game\tues graduation game\tues graduation game\x64\release\tues gra.33186954.tlog\tues graduation game.write.1u.tlog
